This file contains any messages produced by compilers while
running configure, to aid debugging if configure makes a mistake.

configure:548: checking host system type
configure:585: checking for gcc
configure:662: checking whether the C compiler (gcc  ) works
configure:676: gcc -o conftest    conftest.c  1>&5
configure:696: checking whether the C compiler (gcc  ) is a cross-compiler
configure:701: checking whether we are using GNU C
configure:710: gcc -E conftest.c
configure:725: checking whether gcc accepts -g
configure:755: checking for ranlib
configure:783: checking for pthread_create in -lpthread
configure:802: gcc -o conftest -g -O2   conftest.c -lpthread   1>&5
ld: Can't locate file for: -lpthread
configure: failed program was:
#line 791 "configure"
#include "confdefs.h"
/* Override any gcc2 internal prototype to avoid an error.  */
/* We use char because int might match the return type of a gcc2
    builtin and then its argument prototype would still apply.  */
char pthread_create();

int main() {
pthread_create()
; return 0; }
configure:833: checking for pthread_create in -lpthreads
configure:852: gcc -o conftest -g -O2   conftest.c -lpthreads   1>&5
ld: Can't locate file for: -lpthreads
configure: failed program was:
#line 841 "configure"
#include "confdefs.h"
/* Override any gcc2 internal prototype to avoid an error.  */
/* We use char because int might match the return type of a gcc2
    builtin and then its argument prototype would still apply.  */
char pthread_create();

int main() {
pthread_create()
; return 0; }
configure:885: checking for t_open in -lnsl
configure:904: gcc -o conftest -g -O2   conftest.c -lnsl   1>&5
ld: Can't locate file for: -lnsl
configure: failed program was:
#line 893 "configure"
#include "confdefs.h"
/* Override any gcc2 internal prototype to avoid an error.  */
/* We use char because int might match the return type of a gcc2
    builtin and then its argument prototype would still apply.  */
char t_open();

int main() {
t_open()
; return 0; }
configure:932: checking for socket in -lsocket
configure:951: gcc -o conftest -g -O2   conftest.c -lsocket   1>&5
ld: Can't locate file for: -lsocket
configure: failed program was:
#line 940 "configure"
#include "confdefs.h"
/* Override any gcc2 internal prototype to avoid an error.  */
/* We use char because int might match the return type of a gcc2
    builtin and then its argument prototype would still apply.  */
char socket();

int main() {
socket()
; return 0; }
configure:980: checking for /usr/local/bind/lib/libbind.a
configure:987: checking for /Net/barnyard/Users/tmc/libbind.a
configure:994: checking for /Net/barnyard/Users/tmc/libresolv.a
configure:1001: checking for res_init in -lresolv
configure:1020: gcc -o conftest -g -O2   conftest.c -lresolv   1>&5
ld: Can't locate file for: -lresolv
configure: failed program was:
#line 1009 "configure"
#include "confdefs.h"
/* Override any gcc2 internal prototype to avoid an error.  */
/* We use char because int might match the return type of a gcc2
    builtin and then its argument prototype would still apply.  */
char res_init();

int main() {
res_init()
; return 0; }
configure:1052: checking for t_open in -lxti
configure:1071: gcc -o conftest -g -O2   conftest.c -lxti   1>&5
ld: Can't locate file for: -lxti
configure: failed program was:
#line 1060 "configure"
#include "confdefs.h"
/* Override any gcc2 internal prototype to avoid an error.  */
/* We use char because int might match the return type of a gcc2
    builtin and then its argument prototype would still apply.  */
char t_open();

int main() {
t_open()
; return 0; }
configure:1100: checking for /Net/barnyard/Users/tmc/libunp.a
configure:1112: checking for /Net/barnyard/Users/tmc/libunpxti.a
configure:1124: checking how to run the C preprocessor
configure:1145: gcc -E  conftest.c >/dev/null 2>conftest.out
configure:1185: checking for ANSI C header files
configure:1198: gcc -E  conftest.c >/dev/null 2>conftest.out
configure:1265: gcc -o conftest -g -O2   conftest.c  1>&5
configure:1292: checking for sys/types.h
configure:1302: gcc -E  conftest.c >/dev/null 2>conftest.out
configure:1292: checking for sys/socket.h
configure:1302: gcc -E  conftest.c >/dev/null 2>conftest.out
configure:1292: checking for sys/time.h
configure:1302: gcc -E  conftest.c >/dev/null 2>conftest.out
configure:1292: checking for time.h
configure:1302: gcc -E  conftest.c >/dev/null 2>conftest.out
configure:1292: checking for netinet/in.h
configure:1302: gcc -E  conftest.c >/dev/null 2>conftest.out
configure:1292: checking for arpa/inet.h
configure:1302: gcc -E  conftest.c >/dev/null 2>conftest.out
configure:1292: checking for errno.h
configure:1302: gcc -E  conftest.c >/dev/null 2>conftest.out
configure:1292: checking for fcntl.h
configure:1302: gcc -E  conftest.c >/dev/null 2>conftest.out
configure:1292: checking for netdb.h
configure:1302: gcc -E  conftest.c >/dev/null 2>conftest.out
configure:1292: checking for signal.h
configure:1302: gcc -E  conftest.c >/dev/null 2>conftest.out
configure:1292: checking for stdio.h
configure:1302: gcc -E  conftest.c >/dev/null 2>conftest.out
configure:1292: checking for stdlib.h
configure:1302: gcc -E  conftest.c >/dev/null 2>conftest.out
configure:1292: checking for string.h
configure:1302: gcc -E  conftest.c >/dev/null 2>conftest.out
configure:1292: checking for sys/stat.h
configure:1302: gcc -E  conftest.c >/dev/null 2>conftest.out
configure:1292: checking for sys/uio.h
configure:1302: gcc -E  conftest.c >/dev/null 2>conftest.out
configure:1292: checking for unistd.h
configure:1302: gcc -E  conftest.c >/dev/null 2>conftest.out
configure:1292: checking for sys/wait.h
configure:1302: gcc -E  conftest.c >/dev/null 2>conftest.out
configure:1292: checking for sys/un.h
configure:1302: gcc -E  conftest.c >/dev/null 2>conftest.out
configure:1292: checking for sys/select.h
configure:1302: gcc -E  conftest.c >/dev/null 2>conftest.out
configure:1298: sys/select.h: No such file or directory
configure: failed program was:
#line 1297 "configure"
#include "confdefs.h"
#include <sys/select.h>
configure:1292: checking for poll.h
configure:1302: gcc -E  conftest.c >/dev/null 2>conftest.out
configure:1298: poll.h: No such file or directory
configure: failed program was:
#line 1297 "configure"
#include "confdefs.h"
#include <poll.h>
configure:1292: checking for strings.h
configure:1302: gcc -E  conftest.c >/dev/null 2>conftest.out
configure:1292: checking for sys/ioctl.h
configure:1302: gcc -E  conftest.c >/dev/null 2>conftest.out
configure:1292: checking for sys/filio.h
configure:1302: gcc -E  conftest.c >/dev/null 2>conftest.out
configure:1298: sys/filio.h: No such file or directory
configure: failed program was:
#line 1297 "configure"
#include "confdefs.h"
#include <sys/filio.h>
configure:1292: checking for sys/sockio.h
configure:1302: gcc -E  conftest.c >/dev/null 2>conftest.out
configure:1298: sys/sockio.h: No such file or directory
configure: failed program was:
#line 1297 "configure"
#include "confdefs.h"
#include <sys/sockio.h>
configure:1292: checking for pthread.h
configure:1302: gcc -E  conftest.c >/dev/null 2>conftest.out
configure:1298: pthread.h: No such file or directory
configure: failed program was:
#line 1297 "configure"
#include "confdefs.h"
#include <pthread.h>
configure:1292: checking for sys/sysctl.h
configure:1302: gcc -E  conftest.c >/dev/null 2>conftest.out
configure:1298: sys/sysctl.h: No such file or directory
configure: failed program was:
#line 1297 "configure"
#include "confdefs.h"
#include <sys/sysctl.h>
configure:1292: checking for poll.h
configure:1292: checking for xti.h
configure:1302: gcc -E  conftest.c >/dev/null 2>conftest.out
configure:1298: xti.h: No such file or directory
configure: failed program was:
#line 1297 "configure"
#include "confdefs.h"
#include <xti.h>
configure:1292: checking for xti_inet.h
configure:1302: gcc -E  conftest.c >/dev/null 2>conftest.out
configure:1298: xti_inet.h: No such file or directory
configure: failed program was:
#line 1297 "configure"
#include "confdefs.h"
#include <xti_inet.h>
configure:1292: checking for netconfig.h
configure:1302: gcc -E  conftest.c >/dev/null 2>conftest.out
configure:1298: netconfig.h: No such file or directory
configure: failed program was:
#line 1297 "configure"
#include "confdefs.h"
#include <netconfig.h>
configure:1292: checking for netdir.h
configure:1302: gcc -E  conftest.c >/dev/null 2>conftest.out
configure:1298: netdir.h: No such file or directory
configure: failed program was:
#line 1297 "configure"
#include "confdefs.h"
#include <netdir.h>
configure:1292: checking for stropts.h
configure:1302: gcc -E  conftest.c >/dev/null 2>conftest.out
configure:1298: stropts.h: No such file or directory
configure: failed program was:
#line 1297 "configure"
#include "confdefs.h"
#include <stropts.h>
configure:1330: checking whether time.h and sys/time.h may both be included
configure:1344: gcc -c -g -O2  conftest.c 1>&5
configure:1365: checking if uint8_t defined
configure:1447: gcc -c -g -O2  conftest.c 1>&5
configure: In function `main':
configure:1443: `uint8_t' undeclared (first use this function)
configure:1443: (Each undeclared identifier is reported only once
configure:1443: for each function it appears in.)
configure:1443: parse error before `foo'
configure: failed program was:
#line 1370 "configure"
#include "confdefs.h"

#include	"confdefs.h"	/* the header built by configure so far */
#ifdef	HAVE_SYS_TYPES_H
#  include	<sys/types.h>
#endif
#ifdef	HAVE_SYS_SOCKET_H
#  include	<sys/socket.h>
#endif
#ifdef	HAVE_SYS_TIME_H
#  include    <sys/time.h>
#endif
#ifdef	HAVE_NETINET_IN_H
#  include    <netinet/in.h>
#endif
#ifdef	HAVE_ARPA_INET_H
#  include    <arpa/inet.h>
#endif
#ifdef	HAVE_ERRNO_H
#  include    <errno.h>
#endif
#ifdef	HAVE_FCNTL_H
#  include    <fcntl.h>
#endif
#ifdef	HAVE_NETDB_H
#  include	<netdb.h>
#endif
#ifdef	HAVE_SIGNAL_H
#  include	<signal.h>
#endif
#ifdef	HAVE_STDIO_H
#  include	<stdio.h>
#endif
#ifdef	HAVE_STDLIB_H
#  include	<stdlib.h>
#endif
#ifdef	HAVE_STRING_H
#  include	<string.h>
#endif
#ifdef	HAVE_SYS_STAT_H
#  include	<sys/stat.h>
#endif
#ifdef	HAVE_SYS_UIO_H
#  include	<sys/uio.h>
#endif
#ifdef	HAVE_UNISTD_H
#  include	<unistd.h>
#endif
#ifdef	HAVE_SYS_WAIT_H
#  include	<sys/wait.h>
#endif
#ifdef	HAVE_SYS_UN_H
#  include	<sys/un.h>
#endif
#ifdef	HAVE_SYS_SELECT_H
# include   <sys/select.h>
#endif
#ifdef	HAVE_STRINGS_H
# include   <strings.h>
#endif
#ifdef	HAVE_SYS_IOCTL_H
# include   <sys/ioctl.h>
#endif
#ifdef	HAVE_SYS_FILIO_H
# include   <sys/filio.h>
#endif
#ifdef	HAVE_SYS_SOCKIO_H
# include   <sys/sockio.h>
#endif
#ifdef	HAVE_PTHREAD_H
#  include	<pthread.h>
#endif
int main() {
 uint8_t foo 
; return 0; }
configure:1468: checking if int16_t defined
configure:1550: gcc -c -g -O2  conftest.c 1>&5
configure: In function `main':
configure:1546: `int16_t' undeclared (first use this function)
configure:1546: (Each undeclared identifier is reported only once
configure:1546: for each function it appears in.)
configure:1546: parse error before `foo'
configure: failed program was:
#line 1473 "configure"
#include "confdefs.h"

#include	"confdefs.h"	/* the header built by configure so far */
#ifdef	HAVE_SYS_TYPES_H
#  include	<sys/types.h>
#endif
#ifdef	HAVE_SYS_SOCKET_H
#  include	<sys/socket.h>
#endif
#ifdef	HAVE_SYS_TIME_H
#  include    <sys/time.h>
#endif
#ifdef	HAVE_NETINET_IN_H
#  include    <netinet/in.h>
#endif
#ifdef	HAVE_ARPA_INET_H
#  include    <arpa/inet.h>
#endif
#ifdef	HAVE_ERRNO_H
#  include    <errno.h>
#endif
#ifdef	HAVE_FCNTL_H
#  include    <fcntl.h>
#endif
#ifdef	HAVE_NETDB_H
#  include	<netdb.h>
#endif
#ifdef	HAVE_SIGNAL_H
#  include	<signal.h>
#endif
#ifdef	HAVE_STDIO_H
#  include	<stdio.h>
#endif
#ifdef	HAVE_STDLIB_H
#  include	<stdlib.h>
#endif
#ifdef	HAVE_STRING_H
#  include	<string.h>
#endif
#ifdef	HAVE_SYS_STAT_H
#  include	<sys/stat.h>
#endif
#ifdef	HAVE_SYS_UIO_H
#  include	<sys/uio.h>
#endif
#ifdef	HAVE_UNISTD_H
#  include	<unistd.h>
#endif
#ifdef	HAVE_SYS_WAIT_H
#  include	<sys/wait.h>
#endif
#ifdef	HAVE_SYS_UN_H
#  include	<sys/un.h>
#endif
#ifdef	HAVE_SYS_SELECT_H
# include   <sys/select.h>
#endif
#ifdef	HAVE_STRINGS_H
# include   <strings.h>
#endif
#ifdef	HAVE_SYS_IOCTL_H
# include   <sys/ioctl.h>
#endif
#ifdef	HAVE_SYS_FILIO_H
# include   <sys/filio.h>
#endif
#ifdef	HAVE_SYS_SOCKIO_H
# include   <sys/sockio.h>
#endif
#ifdef	HAVE_PTHREAD_H
#  include	<pthread.h>
#endif
int main() {
 int16_t foo 
; return 0; }
configure:1571: checking if uint16_t defined
configure:1653: gcc -c -g -O2  conftest.c 1>&5
configure: In function `main':
configure:1649: `uint16_t' undeclared (first use this function)
configure:1649: (Each undeclared identifier is reported only once
configure:1649: for each function it appears in.)
configure:1649: parse error before `foo'
configure: failed program was:
#line 1576 "configure"
#include "confdefs.h"

#include	"confdefs.h"	/* the header built by configure so far */
#ifdef	HAVE_SYS_TYPES_H
#  include	<sys/types.h>
#endif
#ifdef	HAVE_SYS_SOCKET_H
#  include	<sys/socket.h>
#endif
#ifdef	HAVE_SYS_TIME_H
#  include    <sys/time.h>
#endif
#ifdef	HAVE_NETINET_IN_H
#  include    <netinet/in.h>
#endif
#ifdef	HAVE_ARPA_INET_H
#  include    <arpa/inet.h>
#endif
#ifdef	HAVE_ERRNO_H
#  include    <errno.h>
#endif
#ifdef	HAVE_FCNTL_H
#  include    <fcntl.h>
#endif
#ifdef	HAVE_NETDB_H
#  include	<netdb.h>
#endif
#ifdef	HAVE_SIGNAL_H
#  include	<signal.h>
#endif
#ifdef	HAVE_STDIO_H
#  include	<stdio.h>
#endif
#ifdef	HAVE_STDLIB_H
#  include	<stdlib.h>
#endif
#ifdef	HAVE_STRING_H
#  include	<string.h>
#endif
#ifdef	HAVE_SYS_STAT_H
#  include	<sys/stat.h>
#endif
#ifdef	HAVE_SYS_UIO_H
#  include	<sys/uio.h>
#endif
#ifdef	HAVE_UNISTD_H
#  include	<unistd.h>
#endif
#ifdef	HAVE_SYS_WAIT_H
#  include	<sys/wait.h>
#endif
#ifdef	HAVE_SYS_UN_H
#  include	<sys/un.h>
#endif
#ifdef	HAVE_SYS_SELECT_H
# include   <sys/select.h>
#endif
#ifdef	HAVE_STRINGS_H
# include   <strings.h>
#endif
#ifdef	HAVE_SYS_IOCTL_H
# include   <sys/ioctl.h>
#endif
#ifdef	HAVE_SYS_FILIO_H
# include   <sys/filio.h>
#endif
#ifdef	HAVE_SYS_SOCKIO_H
# include   <sys/sockio.h>
#endif
#ifdef	HAVE_PTHREAD_H
#  include	<pthread.h>
#endif
int main() {
 uint16_t foo 
; return 0; }
configure:1674: checking if int32_t defined
configure:1756: gcc -c -g -O2  conftest.c 1>&5
configure: In function `main':
configure:1752: `int32_t' undeclared (first use this function)
configure:1752: (Each undeclared identifier is reported only once
configure:1752: for each function it appears in.)
configure:1752: parse error before `foo'
configure: failed program was:
#line 1679 "configure"
#include "confdefs.h"

#include	"confdefs.h"	/* the header built by configure so far */
#ifdef	HAVE_SYS_TYPES_H
#  include	<sys/types.h>
#endif
#ifdef	HAVE_SYS_SOCKET_H
#  include	<sys/socket.h>
#endif
#ifdef	HAVE_SYS_TIME_H
#  include    <sys/time.h>
#endif
#ifdef	HAVE_NETINET_IN_H
#  include    <netinet/in.h>
#endif
#ifdef	HAVE_ARPA_INET_H
#  include    <arpa/inet.h>
#endif
#ifdef	HAVE_ERRNO_H
#  include    <errno.h>
#endif
#ifdef	HAVE_FCNTL_H
#  include    <fcntl.h>
#endif
#ifdef	HAVE_NETDB_H
#  include	<netdb.h>
#endif
#ifdef	HAVE_SIGNAL_H
#  include	<signal.h>
#endif
#ifdef	HAVE_STDIO_H
#  include	<stdio.h>
#endif
#ifdef	HAVE_STDLIB_H
#  include	<stdlib.h>
#endif
#ifdef	HAVE_STRING_H
#  include	<string.h>
#endif
#ifdef	HAVE_SYS_STAT_H
#  include	<sys/stat.h>
#endif
#ifdef	HAVE_SYS_UIO_H
#  include	<sys/uio.h>
#endif
#ifdef	HAVE_UNISTD_H
#  include	<unistd.h>
#endif
#ifdef	HAVE_SYS_WAIT_H
#  include	<sys/wait.h>
#endif
#ifdef	HAVE_SYS_UN_H
#  include	<sys/un.h>
#endif
#ifdef	HAVE_SYS_SELECT_H
# include   <sys/select.h>
#endif
#ifdef	HAVE_STRINGS_H
# include   <strings.h>
#endif
#ifdef	HAVE_SYS_IOCTL_H
# include   <sys/ioctl.h>
#endif
#ifdef	HAVE_SYS_FILIO_H
# include   <sys/filio.h>
#endif
#ifdef	HAVE_SYS_SOCKIO_H
# include   <sys/sockio.h>
#endif
#ifdef	HAVE_PTHREAD_H
#  include	<pthread.h>
#endif
int main() {
 int32_t foo 
; return 0; }
configure:1777: checking if uint32_t defined
configure:1859: gcc -c -g -O2  conftest.c 1>&5
configure: In function `main':
configure:1855: `uint32_t' undeclared (first use this function)
configure:1855: (Each undeclared identifier is reported only once
configure:1855: for each function it appears in.)
configure:1855: parse error before `foo'
configure: failed program was:
#line 1782 "configure"
#include "confdefs.h"

#include	"confdefs.h"	/* the header built by configure so far */
#ifdef	HAVE_SYS_TYPES_H
#  include	<sys/types.h>
#endif
#ifdef	HAVE_SYS_SOCKET_H
#  include	<sys/socket.h>
#endif
#ifdef	HAVE_SYS_TIME_H
#  include    <sys/time.h>
#endif
#ifdef	HAVE_NETINET_IN_H
#  include    <netinet/in.h>
#endif
#ifdef	HAVE_ARPA_INET_H
#  include    <arpa/inet.h>
#endif
#ifdef	HAVE_ERRNO_H
#  include    <errno.h>
#endif
#ifdef	HAVE_FCNTL_H
#  include    <fcntl.h>
#endif
#ifdef	HAVE_NETDB_H
#  include	<netdb.h>
#endif
#ifdef	HAVE_SIGNAL_H
#  include	<signal.h>
#endif
#ifdef	HAVE_STDIO_H
#  include	<stdio.h>
#endif
#ifdef	HAVE_STDLIB_H
#  include	<stdlib.h>
#endif
#ifdef	HAVE_STRING_H
#  include	<string.h>
#endif
#ifdef	HAVE_SYS_STAT_H
#  include	<sys/stat.h>
#endif
#ifdef	HAVE_SYS_UIO_H
#  include	<sys/uio.h>
#endif
#ifdef	HAVE_UNISTD_H
#  include	<unistd.h>
#endif
#ifdef	HAVE_SYS_WAIT_H
#  include	<sys/wait.h>
#endif
#ifdef	HAVE_SYS_UN_H
#  include	<sys/un.h>
#endif
#ifdef	HAVE_SYS_SELECT_H
# include   <sys/select.h>
#endif
#ifdef	HAVE_STRINGS_H
# include   <strings.h>
#endif
#ifdef	HAVE_SYS_IOCTL_H
# include   <sys/ioctl.h>
#endif
#ifdef	HAVE_SYS_FILIO_H
# include   <sys/filio.h>
#endif
#ifdef	HAVE_SYS_SOCKIO_H
# include   <sys/sockio.h>
#endif
#ifdef	HAVE_PTHREAD_H
#  include	<pthread.h>
#endif
int main() {
 uint32_t foo 
; return 0; }
configure:1880: checking if size_t defined
configure:1962: gcc -c -g -O2  conftest.c 1>&5
configure:1983: checking if ssize_t defined
configure:2065: gcc -c -g -O2  conftest.c 1>&5
configure: In function `main':
configure:2061: `ssize_t' undeclared (first use this function)
configure:2061: (Each undeclared identifier is reported only once
configure:2061: for each function it appears in.)
configure:2061: parse error before `foo'
configure: failed program was:
#line 1988 "configure"
#include "confdefs.h"

#include	"confdefs.h"	/* the header built by configure so far */
#ifdef	HAVE_SYS_TYPES_H
#  include	<sys/types.h>
#endif
#ifdef	HAVE_SYS_SOCKET_H
#  include	<sys/socket.h>
#endif
#ifdef	HAVE_SYS_TIME_H
#  include    <sys/time.h>
#endif
#ifdef	HAVE_NETINET_IN_H
#  include    <netinet/in.h>
#endif
#ifdef	HAVE_ARPA_INET_H
#  include    <arpa/inet.h>
#endif
#ifdef	HAVE_ERRNO_H
#  include    <errno.h>
#endif
#ifdef	HAVE_FCNTL_H
#  include    <fcntl.h>
#endif
#ifdef	HAVE_NETDB_H
#  include	<netdb.h>
#endif
#ifdef	HAVE_SIGNAL_H
#  include	<signal.h>
#endif
#ifdef	HAVE_STDIO_H
#  include	<stdio.h>
#endif
#ifdef	HAVE_STDLIB_H
#  include	<stdlib.h>
#endif
#ifdef	HAVE_STRING_H
#  include	<string.h>
#endif
#ifdef	HAVE_SYS_STAT_H
#  include	<sys/stat.h>
#endif
#ifdef	HAVE_SYS_UIO_H
#  include	<sys/uio.h>
#endif
#ifdef	HAVE_UNISTD_H
#  include	<unistd.h>
#endif
#ifdef	HAVE_SYS_WAIT_H
#  include	<sys/wait.h>
#endif
#ifdef	HAVE_SYS_UN_H
#  include	<sys/un.h>
#endif
#ifdef	HAVE_SYS_SELECT_H
# include   <sys/select.h>
#endif
#ifdef	HAVE_STRINGS_H
# include   <strings.h>
#endif
#ifdef	HAVE_SYS_IOCTL_H
# include   <sys/ioctl.h>
#endif
#ifdef	HAVE_SYS_FILIO_H
# include   <sys/filio.h>
#endif
#ifdef	HAVE_SYS_SOCKIO_H
# include   <sys/sockio.h>
#endif
#ifdef	HAVE_PTHREAD_H
#  include	<pthread.h>
#endif
int main() {
 ssize_t foo 
; return 0; }
configure:2086: checking if socklen_t defined
configure:2168: gcc -c -g -O2  conftest.c 1>&5
configure: In function `main':
configure:2164: `socklen_t' undeclared (first use this function)
configure:2164: (Each undeclared identifier is reported only once
configure:2164: for each function it appears in.)
configure:2164: parse error before `foo'
configure: failed program was:
#line 2091 "configure"
#include "confdefs.h"

#include	"confdefs.h"	/* the header built by configure so far */
#ifdef	HAVE_SYS_TYPES_H
#  include	<sys/types.h>
#endif
#ifdef	HAVE_SYS_SOCKET_H
#  include	<sys/socket.h>
#endif
#ifdef	HAVE_SYS_TIME_H
#  include    <sys/time.h>
#endif
#ifdef	HAVE_NETINET_IN_H
#  include    <netinet/in.h>
#endif
#ifdef	HAVE_ARPA_INET_H
#  include    <arpa/inet.h>
#endif
#ifdef	HAVE_ERRNO_H
#  include    <errno.h>
#endif
#ifdef	HAVE_FCNTL_H
#  include    <fcntl.h>
#endif
#ifdef	HAVE_NETDB_H
#  include	<netdb.h>
#endif
#ifdef	HAVE_SIGNAL_H
#  include	<signal.h>
#endif
#ifdef	HAVE_STDIO_H
#  include	<stdio.h>
#endif
#ifdef	HAVE_STDLIB_H
#  include	<stdlib.h>
#endif
#ifdef	HAVE_STRING_H
#  include	<string.h>
#endif
#ifdef	HAVE_SYS_STAT_H
#  include	<sys/stat.h>
#endif
#ifdef	HAVE_SYS_UIO_H
#  include	<sys/uio.h>
#endif
#ifdef	HAVE_UNISTD_H
#  include	<unistd.h>
#endif
#ifdef	HAVE_SYS_WAIT_H
#  include	<sys/wait.h>
#endif
#ifdef	HAVE_SYS_UN_H
#  include	<sys/un.h>
#endif
#ifdef	HAVE_SYS_SELECT_H
# include   <sys/select.h>
#endif
#ifdef	HAVE_STRINGS_H
# include   <strings.h>
#endif
#ifdef	HAVE_SYS_IOCTL_H
# include   <sys/ioctl.h>
#endif
#ifdef	HAVE_SYS_FILIO_H
# include   <sys/filio.h>
#endif
#ifdef	HAVE_SYS_SOCKIO_H
# include   <sys/sockio.h>
#endif
#ifdef	HAVE_PTHREAD_H
#  include	<pthread.h>
#endif
int main() {
 socklen_t foo 
; return 0; }
configure:2189: checking if sa_family_t defined
configure:2271: gcc -c -g -O2  conftest.c 1>&5
configure: In function `main':
configure:2267: `sa_family_t' undeclared (first use this function)
configure:2267: (Each undeclared identifier is reported only once
configure:2267: for each function it appears in.)
configure:2267: parse error before `foo'
configure: failed program was:
#line 2194 "configure"
#include "confdefs.h"

#include	"confdefs.h"	/* the header built by configure so far */
#ifdef	HAVE_SYS_TYPES_H
#  include	<sys/types.h>
#endif
#ifdef	HAVE_SYS_SOCKET_H
#  include	<sys/socket.h>
#endif
#ifdef	HAVE_SYS_TIME_H
#  include    <sys/time.h>
#endif
#ifdef	HAVE_NETINET_IN_H
#  include    <netinet/in.h>
#endif
#ifdef	HAVE_ARPA_INET_H
#  include    <arpa/inet.h>
#endif
#ifdef	HAVE_ERRNO_H
#  include    <errno.h>
#endif
#ifdef	HAVE_FCNTL_H
#  include    <fcntl.h>
#endif
#ifdef	HAVE_NETDB_H
#  include	<netdb.h>
#endif
#ifdef	HAVE_SIGNAL_H
#  include	<signal.h>
#endif
#ifdef	HAVE_STDIO_H
#  include	<stdio.h>
#endif
#ifdef	HAVE_STDLIB_H
#  include	<stdlib.h>
#endif
#ifdef	HAVE_STRING_H
#  include	<string.h>
#endif
#ifdef	HAVE_SYS_STAT_H
#  include	<sys/stat.h>
#endif
#ifdef	HAVE_SYS_UIO_H
#  include	<sys/uio.h>
#endif
#ifdef	HAVE_UNISTD_H
#  include	<unistd.h>
#endif
#ifdef	HAVE_SYS_WAIT_H
#  include	<sys/wait.h>
#endif
#ifdef	HAVE_SYS_UN_H
#  include	<sys/un.h>
#endif
#ifdef	HAVE_SYS_SELECT_H
# include   <sys/select.h>
#endif
#ifdef	HAVE_STRINGS_H
# include   <strings.h>
#endif
#ifdef	HAVE_SYS_IOCTL_H
# include   <sys/ioctl.h>
#endif
#ifdef	HAVE_SYS_FILIO_H
# include   <sys/filio.h>
#endif
#ifdef	HAVE_SYS_SOCKIO_H
# include   <sys/sockio.h>
#endif
#ifdef	HAVE_PTHREAD_H
#  include	<pthread.h>
#endif
int main() {
 sa_family_t foo 
; return 0; }
configure:2293: checking if t_scalar_t defined
configure:2390: gcc -c -g -O2  conftest.c 1>&5
configure: In function `main':
configure:2386: `t_scalar_t' undeclared (first use this function)
configure:2386: (Each undeclared identifier is reported only once
configure:2386: for each function it appears in.)
configure:2386: parse error before `foo'
configure: failed program was:
#line 2298 "configure"
#include "confdefs.h"

#include	"confdefs.h"	/* the header built by configure so far */
#ifdef	HAVE_SYS_TYPES_H
#  include	<sys/types.h>
#endif
#ifdef	HAVE_SYS_SOCKET_H
#  include	<sys/socket.h>
#endif
#ifdef	HAVE_SYS_TIME_H
#  include    <sys/time.h>
#endif
#ifdef	HAVE_NETINET_IN_H
#  include    <netinet/in.h>
#endif
#ifdef	HAVE_ARPA_INET_H
#  include    <arpa/inet.h>
#endif
#ifdef	HAVE_ERRNO_H
#  include    <errno.h>
#endif
#ifdef	HAVE_FCNTL_H
#  include    <fcntl.h>
#endif
#ifdef	HAVE_NETDB_H
#  include	<netdb.h>
#endif
#ifdef	HAVE_SIGNAL_H
#  include	<signal.h>
#endif
#ifdef	HAVE_STDIO_H
#  include	<stdio.h>
#endif
#ifdef	HAVE_STDLIB_H
#  include	<stdlib.h>
#endif
#ifdef	HAVE_STRING_H
#  include	<string.h>
#endif
#ifdef	HAVE_SYS_STAT_H
#  include	<sys/stat.h>
#endif
#ifdef	HAVE_SYS_UIO_H
#  include	<sys/uio.h>
#endif
#ifdef	HAVE_UNISTD_H
#  include	<unistd.h>
#endif
#ifdef	HAVE_SYS_WAIT_H
#  include	<sys/wait.h>
#endif
#ifdef	HAVE_SYS_UN_H
#  include	<sys/un.h>
#endif
#ifdef	HAVE_SYS_SELECT_H
# include   <sys/select.h>
#endif
#ifdef	HAVE_STRINGS_H
# include   <strings.h>
#endif
#ifdef	HAVE_SYS_IOCTL_H
# include   <sys/ioctl.h>
#endif
#ifdef	HAVE_SYS_FILIO_H
# include   <sys/filio.h>
#endif
#ifdef	HAVE_SYS_SOCKIO_H
# include   <sys/sockio.h>
#endif
#ifdef	HAVE_PTHREAD_H
#  include	<pthread.h>
#endif
#ifdef	HAVE_POLL_H
#  include	<poll.h>
#endif
#ifdef	HAVE_XTI_H
#  include	<xti.h>
#endif
#ifdef	HAVE_NETCONFIG_H
#  include	<netconfig.h>
#endif
#ifdef	HAVE_NETDIR_H
#  include	<netdir.h>
#endif
#ifdef	HAVE_STROPTS_H
#  include	<stropts.h>
#endif
int main() {
 t_scalar_t foo 
; return 0; }
configure:2411: checking if t_uscalar_t defined
configure:2508: gcc -c -g -O2  conftest.c 1>&5
configure: In function `main':
configure:2504: `t_uscalar_t' undeclared (first use this function)
configure:2504: (Each undeclared identifier is reported only once
configure:2504: for each function it appears in.)
configure:2504: parse error before `foo'
configure: failed program was:
#line 2416 "configure"
#include "confdefs.h"

#include	"confdefs.h"	/* the header built by configure so far */
#ifdef	HAVE_SYS_TYPES_H
#  include	<sys/types.h>
#endif
#ifdef	HAVE_SYS_SOCKET_H
#  include	<sys/socket.h>
#endif
#ifdef	HAVE_SYS_TIME_H
#  include    <sys/time.h>
#endif
#ifdef	HAVE_NETINET_IN_H
#  include    <netinet/in.h>
#endif
#ifdef	HAVE_ARPA_INET_H
#  include    <arpa/inet.h>
#endif
#ifdef	HAVE_ERRNO_H
#  include    <errno.h>
#endif
#ifdef	HAVE_FCNTL_H
#  include    <fcntl.h>
#endif
#ifdef	HAVE_NETDB_H
#  include	<netdb.h>
#endif
#ifdef	HAVE_SIGNAL_H
#  include	<signal.h>
#endif
#ifdef	HAVE_STDIO_H
#  include	<stdio.h>
#endif
#ifdef	HAVE_STDLIB_H
#  include	<stdlib.h>
#endif
#ifdef	HAVE_STRING_H
#  include	<string.h>
#endif
#ifdef	HAVE_SYS_STAT_H
#  include	<sys/stat.h>
#endif
#ifdef	HAVE_SYS_UIO_H
#  include	<sys/uio.h>
#endif
#ifdef	HAVE_UNISTD_H
#  include	<unistd.h>
#endif
#ifdef	HAVE_SYS_WAIT_H
#  include	<sys/wait.h>
#endif
#ifdef	HAVE_SYS_UN_H
#  include	<sys/un.h>
#endif
#ifdef	HAVE_SYS_SELECT_H
# include   <sys/select.h>
#endif
#ifdef	HAVE_STRINGS_H
# include   <strings.h>
#endif
#ifdef	HAVE_SYS_IOCTL_H
# include   <sys/ioctl.h>
#endif
#ifdef	HAVE_SYS_FILIO_H
# include   <sys/filio.h>
#endif
#ifdef	HAVE_SYS_SOCKIO_H
# include   <sys/sockio.h>
#endif
#ifdef	HAVE_PTHREAD_H
#  include	<pthread.h>
#endif
#ifdef	HAVE_POLL_H
#  include	<poll.h>
#endif
#ifdef	HAVE_XTI_H
#  include	<xti.h>
#endif
#ifdef	HAVE_NETCONFIG_H
#  include	<netconfig.h>
#endif
#ifdef	HAVE_NETDIR_H
#  include	<netdir.h>
#endif
#ifdef	HAVE_STROPTS_H
#  include	<stropts.h>
#endif
int main() {
 t_uscalar_t foo 
; return 0; }
configure:2530: checking if sockaddr{} has sa_len member
configure:2544: gcc -c -g -O2  conftest.c 1>&5
configure: In function `main':
configure:2540: structure has no member named `sa_len'
configure: failed program was:
#line 2535 "configure"
#include "confdefs.h"

#		include <sys/types.h>
#		include <sys/socket.h>
int main() {
unsigned int i = sizeof(((struct sockaddr *)0)->sa_len)
; return 0; }
configure:2579: checking if msghdr{} has msg_control member
configure:2593: gcc -c -g -O2  conftest.c 1>&5
configure: In function `main':
configure:2589: structure has no member named `msg_control'
configure: failed program was:
#line 2584 "configure"
#include "confdefs.h"

#		include <sys/types.h>
#		include <sys/socket.h>
int main() {
unsigned int i = sizeof(((struct msghdr *)0)->msg_control)
; return 0; }
configure:2614: checking for getaddrinfo function prototype in netdb.h
configure:2645: checking for getnameinfo function prototype in netdb.h
configure:2676: checking for gethostname function prototype in unistd.h
configure:2707: checking for getrusage function prototype in sys/resource.h
configure:2738: checking for hstrerror function prototype in netdb.h
configure:2769: checking for if_nametoindex function prototype in net/if.h
configure:2800: checking for inet_aton function prototype in arpa/inet.h
configure:2831: checking for inet_pton function prototype in arpa/inet.h
configure:2862: checking for isfdtype function prototype in sys/stat.h
configure:2893: checking for pselect function prototype in sys/select.h
configure:2899: sys/select.h: No such file or directory
configure:2924: checking for snprintf function prototype in stdio.h
configure:2955: checking for sockatmark function prototype in sys/socket.h
configure:2987: checking for addrinfo{}
configure:3017: checking for if_nameindex{}
configure:3047: checking for sockaddr_dl{}
configure:3053: net/if_dl.h: No such file or directory
configure:3077: checking for timespec{}
configure:3107: checking for /dev/tcp
configure:3118: checking for /dev/xti/tcp
configure:3129: checking for /dev/streams/xtiso/tcp
configure:3145: checking for bzero
configure:3173: gcc -o conftest -g -O2   conftest.c  1>&5
configure:3200: checking for getaddrinfo
configure:3228: gcc -o conftest -g -O2   conftest.c  1>&5
ld: Undefined symbols:
_getaddrinfo
configure: failed program was:
#line 3205 "configure"
#include "confdefs.h"
/* System header to define __stub macros and hopefully few prototypes,
    which can conflict with char getaddrinfo(); below.  */
#include <assert.h>
/* Override any gcc2 internal prototype to avoid an error.  */
/* We use char because int might match the return type of a gcc2
    builtin and then its argument prototype would still apply.  */
char getaddrinfo();

int main() {

/* The GNU C library defines this for functions which it implements
    to always fail with ENOSYS.  Some functions are actually named
    something starting with __ and the normal name is an alias.  */
#if defined (__stub_getaddrinfo) || defined (__stub___getaddrinfo)
choke me
#else
getaddrinfo();
#endif

; return 0; }
configure:3255: checking for gethostname
configure:3283: gcc -o conftest -g -O2   conftest.c  1>&5
configure:3310: checking for gethostbyname2
configure:3338: gcc -o conftest -g -O2   conftest.c  1>&5
ld: Undefined symbols:
_gethostbyname2
configure: failed program was:
#line 3315 "configure"
#include "confdefs.h"
/* System header to define __stub macros and hopefully few prototypes,
    which can conflict with char gethostbyname2(); below.  */
#include <assert.h>
/* Override any gcc2 internal prototype to avoid an error.  */
/* We use char because int might match the return type of a gcc2
    builtin and then its argument prototype would still apply.  */
char gethostbyname2();

int main() {

/* The GNU C library defines this for functions which it implements
    to always fail with ENOSYS.  Some functions are actually named
    something starting with __ and the normal name is an alias.  */
#if defined (__stub_gethostbyname2) || defined (__stub___gethostbyname2)
choke me
#else
gethostbyname2();
#endif

; return 0; }
configure:3365: checking for gethostbyname_r
configure:3393: gcc -o conftest -g -O2   conftest.c  1>&5
ld: Undefined symbols:
_gethostbyname_r
configure: failed program was:
#line 3370 "configure"
#include "confdefs.h"
/* System header to define __stub macros and hopefully few prototypes,
    which can conflict with char gethostbyname_r(); below.  */
#include <assert.h>
/* Override any gcc2 internal prototype to avoid an error.  */
/* We use char because int might match the return type of a gcc2
    builtin and then its argument prototype would still apply.  */
char gethostbyname_r();

int main() {

/* The GNU C library defines this for functions which it implements
    to always fail with ENOSYS.  Some functions are actually named
    something starting with __ and the normal name is an alias.  */
#if defined (__stub_gethostbyname_r) || defined (__stub___gethostbyname_r)
choke me
#else
gethostbyname_r();
#endif

; return 0; }
configure:3420: checking for getnameinfo
configure:3448: gcc -o conftest -g -O2   conftest.c  1>&5
ld: Undefined symbols:
_getnameinfo
configure: failed program was:
#line 3425 "configure"
#include "confdefs.h"
/* System header to define __stub macros and hopefully few prototypes,
    which can conflict with char getnameinfo(); below.  */
#include <assert.h>
/* Override any gcc2 internal prototype to avoid an error.  */
/* We use char because int might match the return type of a gcc2
    builtin and then its argument prototype would still apply.  */
char getnameinfo();

int main() {

/* The GNU C library defines this for functions which it implements
    to always fail with ENOSYS.  Some functions are actually named
    something starting with __ and the normal name is an alias.  */
#if defined (__stub_getnameinfo) || defined (__stub___getnameinfo)
choke me
#else
getnameinfo();
#endif

; return 0; }
configure:3475: checking for hstrerror
configure:3503: gcc -o conftest -g -O2   conftest.c  1>&5
ld: Undefined symbols:
_hstrerror
configure: failed program was:
#line 3480 "configure"
#include "confdefs.h"
/* System header to define __stub macros and hopefully few prototypes,
    which can conflict with char hstrerror(); below.  */
#include <assert.h>
/* Override any gcc2 internal prototype to avoid an error.  */
/* We use char because int might match the return type of a gcc2
    builtin and then its argument prototype would still apply.  */
char hstrerror();

int main() {

/* The GNU C library defines this for functions which it implements
    to always fail with ENOSYS.  Some functions are actually named
    something starting with __ and the normal name is an alias.  */
#if defined (__stub_hstrerror) || defined (__stub___hstrerror)
choke me
#else
hstrerror();
#endif

; return 0; }
configure:3530: checking for if_nametoindex
configure:3558: gcc -o conftest -g -O2   conftest.c  1>&5
ld: Undefined symbols:
_if_nametoindex
configure: failed program was:
#line 3535 "configure"
#include "confdefs.h"
/* System header to define __stub macros and hopefully few prototypes,
    which can conflict with char if_nametoindex(); below.  */
#include <assert.h>
/* Override any gcc2 internal prototype to avoid an error.  */
/* We use char because int might match the return type of a gcc2
    builtin and then its argument prototype would still apply.  */
char if_nametoindex();

int main() {

/* The GNU C library defines this for functions which it implements
    to always fail with ENOSYS.  Some functions are actually named
    something starting with __ and the normal name is an alias.  */
#if defined (__stub_if_nametoindex) || defined (__stub___if_nametoindex)
choke me
#else
if_nametoindex();
#endif

; return 0; }
configure:3585: checking for inet_aton
configure:3613: gcc -o conftest -g -O2   conftest.c  1>&5
ld: Undefined symbols:
_inet_aton
configure: failed program was:
#line 3590 "configure"
#include "confdefs.h"
/* System header to define __stub macros and hopefully few prototypes,
    which can conflict with char inet_aton(); below.  */
#include <assert.h>
/* Override any gcc2 internal prototype to avoid an error.  */
/* We use char because int might match the return type of a gcc2
    builtin and then its argument prototype would still apply.  */
char inet_aton();

int main() {

/* The GNU C library defines this for functions which it implements
    to always fail with ENOSYS.  Some functions are actually named
    something starting with __ and the normal name is an alias.  */
#if defined (__stub_inet_aton) || defined (__stub___inet_aton)
choke me
#else
inet_aton();
#endif

; return 0; }
configure:3640: checking for inet_pton
configure:3668: gcc -o conftest -g -O2   conftest.c  1>&5
ld: Undefined symbols:
_inet_pton
configure: failed program was:
#line 3645 "configure"
#include "confdefs.h"
/* System header to define __stub macros and hopefully few prototypes,
    which can conflict with char inet_pton(); below.  */
#include <assert.h>
/* Override any gcc2 internal prototype to avoid an error.  */
/* We use char because int might match the return type of a gcc2
    builtin and then its argument prototype would still apply.  */
char inet_pton();

int main() {

/* The GNU C library defines this for functions which it implements
    to always fail with ENOSYS.  Some functions are actually named
    something starting with __ and the normal name is an alias.  */
#if defined (__stub_inet_pton) || defined (__stub___inet_pton)
choke me
#else
inet_pton();
#endif

; return 0; }
configure:3695: checking for isfdtype
configure:3723: gcc -o conftest -g -O2   conftest.c  1>&5
ld: Undefined symbols:
_isfdtype
configure: failed program was:
#line 3700 "configure"
#include "confdefs.h"
/* System header to define __stub macros and hopefully few prototypes,
    which can conflict with char isfdtype(); below.  */
#include <assert.h>
/* Override any gcc2 internal prototype to avoid an error.  */
/* We use char because int might match the return type of a gcc2
    builtin and then its argument prototype would still apply.  */
char isfdtype();

int main() {

/* The GNU C library defines this for functions which it implements
    to always fail with ENOSYS.  Some functions are actually named
    something starting with __ and the normal name is an alias.  */
#if defined (__stub_isfdtype) || defined (__stub___isfdtype)
choke me
#else
isfdtype();
#endif

; return 0; }
configure:3750: checking for poll
configure:3778: gcc -o conftest -g -O2   conftest.c  1>&5
ld: Undefined symbols:
_poll
configure: failed program was:
#line 3755 "configure"
#include "confdefs.h"
/* System header to define __stub macros and hopefully few prototypes,
    which can conflict with char poll(); below.  */
#include <assert.h>
/* Override any gcc2 internal prototype to avoid an error.  */
/* We use char because int might match the return type of a gcc2
    builtin and then its argument prototype would still apply.  */
char poll();

int main() {

/* The GNU C library defines this for functions which it implements
    to always fail with ENOSYS.  Some functions are actually named
    something starting with __ and the normal name is an alias.  */
#if defined (__stub_poll) || defined (__stub___poll)
choke me
#else
poll();
#endif

; return 0; }
configure:3805: checking for pselect
configure:3833: gcc -o conftest -g -O2   conftest.c  1>&5
ld: Undefined symbols:
_pselect
configure: failed program was:
#line 3810 "configure"
#include "confdefs.h"
/* System header to define __stub macros and hopefully few prototypes,
    which can conflict with char pselect(); below.  */
#include <assert.h>
/* Override any gcc2 internal prototype to avoid an error.  */
/* We use char because int might match the return type of a gcc2
    builtin and then its argument prototype would still apply.  */
char pselect();

int main() {

/* The GNU C library defines this for functions which it implements
    to always fail with ENOSYS.  Some functions are actually named
    something starting with __ and the normal name is an alias.  */
#if defined (__stub_pselect) || defined (__stub___pselect)
choke me
#else
pselect();
#endif

; return 0; }
configure:3860: checking for snprintf
configure:3888: gcc -o conftest -g -O2   conftest.c  1>&5
ld: Undefined symbols:
_snprintf
configure: failed program was:
#line 3865 "configure"
#include "confdefs.h"
/* System header to define __stub macros and hopefully few prototypes,
    which can conflict with char snprintf(); below.  */
#include <assert.h>
/* Override any gcc2 internal prototype to avoid an error.  */
/* We use char because int might match the return type of a gcc2
    builtin and then its argument prototype would still apply.  */
char snprintf();

int main() {

/* The GNU C library defines this for functions which it implements
    to always fail with ENOSYS.  Some functions are actually named
    something starting with __ and the normal name is an alias.  */
#if defined (__stub_snprintf) || defined (__stub___snprintf)
choke me
#else
snprintf();
#endif

; return 0; }
configure:3915: checking for sockatmark
configure:3943: gcc -o conftest -g -O2   conftest.c  1>&5
ld: Undefined symbols:
_sockatmark
configure: failed program was:
#line 3920 "configure"
#include "confdefs.h"
/* System header to define __stub macros and hopefully few prototypes,
    which can conflict with char sockatmark(); below.  */
#include <assert.h>
/* Override any gcc2 internal prototype to avoid an error.  */
/* We use char because int might match the return type of a gcc2
    builtin and then its argument prototype would still apply.  */
char sockatmark();

int main() {

/* The GNU C library defines this for functions which it implements
    to always fail with ENOSYS.  Some functions are actually named
    something starting with __ and the normal name is an alias.  */
#if defined (__stub_sockatmark) || defined (__stub___sockatmark)
choke me
#else
sockatmark();
#endif

; return 0; }
configure:3970: checking for vsnprintf
configure:3998: gcc -o conftest -g -O2   conftest.c  1>&5
ld: Undefined symbols:
_vsnprintf
configure: failed program was:
#line 3975 "configure"
#include "confdefs.h"
/* System header to define __stub macros and hopefully few prototypes,
    which can conflict with char vsnprintf(); below.  */
#include <assert.h>
/* Override any gcc2 internal prototype to avoid an error.  */
/* We use char because int might match the return type of a gcc2
    builtin and then its argument prototype would still apply.  */
char vsnprintf();

int main() {

/* The GNU C library defines this for functions which it implements
    to always fail with ENOSYS.  Some functions are actually named
    something starting with __ and the normal name is an alias.  */
#if defined (__stub_vsnprintf) || defined (__stub___vsnprintf)
choke me
#else
vsnprintf();
#endif

; return 0; }
configure:4025: checking for IPv4 support
configure:4050: gcc -o conftest -g -O2   conftest.c  1>&5
configure:4077: checking for IPv6 support
configure:4102: gcc -o conftest -g -O2   conftest.c  1>&5
configure: In function `main':
configure:4096: storage size of `foo' isn't known
configure:4097: `AF_INET6' undeclared (first use this function)
configure:4097: (Each undeclared identifier is reported only once
configure:4097: for each function it appears in.)
configure: failed program was:
#line 4085 "configure"
#include "confdefs.h"

#	include <sys/types.h>
#	include <sys/socket.h>
#	include <netinet/in.h>
	/* Make sure the definitions for AF_INET6 and struct sockaddr_in6
	 * are defined, and that we can actually create an IPv6 TCP socket.
	 */
	main()
	{
		int fd;
		struct sockaddr_in6 foo;
		fd = socket(AF_INET6, SOCK_STREAM, 0);
		exit(fd >= 0 ? 0 : 1);
	}
configure:4129: checking for Unix domain sockets
configure:4154: gcc -o conftest -g -O2   conftest.c  1>&5
configure:4181: checking for multicast support
configure:4209: gcc -o conftest -g -O2   conftest.c  1>&5
configure: In function `main':
configure:4199: storage size of `mreq' isn't known
configure:4202: `IP_MULTICAST_LOOP' undeclared (first use this function)
configure:4202: (Each undeclared identifier is reported only once
configure:4202: for each function it appears in.)
configure: failed program was:
#line 4189 "configure"
#include "confdefs.h"

#	include <sys/types.h>
#	include <sys/socket.h>
#	include <netinet/in.h>
	main()
	{
		int fd;
		unsigned char flag = 1;
		struct sockaddr_in foo;
		struct ip_mreq mreq;
		fd = socket(AF_INET, SOCK_DGRAM, 0);
		if (fd < 0) exit(1);
		if (setsockopt(fd, IPPROTO_IP, IP_MULTICAST_LOOP,
			       (void*)&flag, sizeof(flag)) < 0)
			exit(1);
		exit(0);
	}
configure:4356: checking for -I/Net/barnyard/Users/tmc/doc/unp2ev1/src/include
